This is pdfTeX, Version 3.1415926-2.5-1.40.14 (TeX Live 2013/Debian) (format=pdflatex 2015.2.8)  15 MAY 2016 10:51
entering extended mode
 restricted \write18 enabled.
 %&-line parsing enabled.
**main.tex
(./main.tex
LaTeX2e <2011/06/27>
Babel <3.9h> and hyphenation patterns for 2 languages loaded.
(/usr/share/texlive/texmf-dist/tex/latex/base/article.cls
Document Class: article 2007/10/19 v1.4h Standard LaTeX document class
(/usr/share/texlive/texmf-dist/tex/latex/base/size12.clo
File: size12.clo 2007/10/19 v1.4h Standard LaTeX file (size option)
)
\c@part=\count79
\c@section=\count80
\c@subsection=\count81
\c@subsubsection=\count82
\c@paragraph=\count83
\c@subparagraph=\count84
\c@figure=\count85
\c@table=\count86
\abovecaptionskip=\skip41
\belowcaptionskip=\skip42
\bibindent=\dimen102
)
(/usr/share/texlive/texmf-dist/tex/latex/graphics/graphicx.sty
Package: graphicx 1999/02/16 v1.0f Enhanced LaTeX Graphics (DPC,SPQR)

(/usr/share/texlive/texmf-dist/tex/latex/graphics/keyval.sty
Package: keyval 1999/03/16 v1.13 key=value parser (DPC)
\KV@toks@=\toks14
)
(/usr/share/texlive/texmf-dist/tex/latex/graphics/graphics.sty
Package: graphics 2009/02/05 v1.0o Standard LaTeX Graphics (DPC,SPQR)

(/usr/share/texlive/texmf-dist/tex/latex/graphics/trig.sty
Package: trig 1999/03/16 v1.09 sin cos tan (DPC)
)
(/usr/share/texlive/texmf-dist/tex/latex/latexconfig/graphics.cfg
File: graphics.cfg 2010/04/23 v1.9 graphics configuration of TeX Live
)
Package graphics Info: Driver file: pdftex.def on input line 91.

(/usr/share/texlive/texmf-dist/tex/latex/pdftex-def/pdftex.def
File: pdftex.def 2011/05/27 v0.06d Graphics/color for pdfTeX

(/usr/share/texlive/texmf-dist/tex/generic/oberdiek/infwarerr.sty
Package: infwarerr 2010/04/08 v1.3 Providing info/warning/error messages (HO)
)
(/usr/share/texlive/texmf-dist/tex/generic/oberdiek/ltxcmds.sty
Package: ltxcmds 2011/11/09 v1.22 LaTeX kernel commands for general use (HO)
)
\Gread@gobject=\count87
))
\Gin@req@height=\dimen103
\Gin@req@width=\dimen104
)
(/usr/share/texlive/texmf-dist/tex/latex/placeins/placeins.sty
Package: placeins 2005/04/18  v 2.2
) (./main.aux)
\openout1 = `main.aux'.

LaTeX Font Info:    Checking defaults for OML/cmm/m/it on input line 7.
LaTeX Font Info:    ... okay on input line 7.
LaTeX Font Info:    Checking defaults for T1/cmr/m/n on input line 7.
LaTeX Font Info:    ... okay on input line 7.
LaTeX Font Info:    Checking defaults for OT1/cmr/m/n on input line 7.
LaTeX Font Info:    ... okay on input line 7.
LaTeX Font Info:    Checking defaults for OMS/cmsy/m/n on input line 7.
LaTeX Font Info:    ... okay on input line 7.
LaTeX Font Info:    Checking defaults for OMX/cmex/m/n on input line 7.
LaTeX Font Info:    ... okay on input line 7.
LaTeX Font Info:    Checking defaults for U/cmr/m/n on input line 7.
LaTeX Font Info:    ... okay on input line 7.

(/usr/share/texlive/texmf-dist/tex/context/base/supp-pdf.mkii
[Loading MPS to PDF converter (version 2006.09.02).]
\scratchcounter=\count88
\scratchdimen=\dimen105
\scratchbox=\box26
\nofMPsegments=\count89
\nofMParguments=\count90
\everyMPshowfont=\toks15
\MPscratchCnt=\count91
\MPscratchDim=\dimen106
\MPnumerator=\count92
\makeMPintoPDFobject=\count93
\everyMPtoPDFconversion=\toks16
) (/usr/share/texlive/texmf-dist/tex/generic/oberdiek/pdftexcmds.sty
Package: pdftexcmds 2011/11/29 v0.20 Utility functions of pdfTeX for LuaTeX (HO
)

(/usr/share/texlive/texmf-dist/tex/generic/oberdiek/ifluatex.sty
Package: ifluatex 2010/03/01 v1.3 Provides the ifluatex switch (HO)
Package ifluatex Info: LuaTeX not detected.
)
(/usr/share/texlive/texmf-dist/tex/generic/oberdiek/ifpdf.sty
Package: ifpdf 2011/01/30 v2.3 Provides the ifpdf switch (HO)
Package ifpdf Info: pdfTeX in PDF mode is detected.
)
Package pdftexcmds Info: LuaTeX not detected.
Package pdftexcmds Info: \pdf@primitive is available.
Package pdftexcmds Info: \pdf@ifprimitive is available.
Package pdftexcmds Info: \pdfdraftmode found.
)
(/usr/share/texlive/texmf-dist/tex/latex/oberdiek/epstopdf-base.sty
Package: epstopdf-base 2010/02/09 v2.5 Base part for package epstopdf

(/usr/share/texlive/texmf-dist/tex/latex/oberdiek/grfext.sty
Package: grfext 2010/08/19 v1.1 Manage graphics extensions (HO)

(/usr/share/texlive/texmf-dist/tex/generic/oberdiek/kvdefinekeys.sty
Package: kvdefinekeys 2011/04/07 v1.3 Define keys (HO)
))
(/usr/share/texlive/texmf-dist/tex/latex/oberdiek/kvoptions.sty
Package: kvoptions 2011/06/30 v3.11 Key value format for package options (HO)

(/usr/share/texlive/texmf-dist/tex/generic/oberdiek/kvsetkeys.sty
Package: kvsetkeys 2012/04/25 v1.16 Key value parser (HO)

(/usr/share/texlive/texmf-dist/tex/generic/oberdiek/etexcmds.sty
Package: etexcmds 2011/02/16 v1.5 Avoid name clashes with e-TeX commands (HO)
Package etexcmds Info: Could not find \expanded.
(etexcmds)             That can mean that you are not using pdfTeX 1.50 or
(etexcmds)             that some package has redefined \expanded.
(etexcmds)             In the latter case, load this package earlier.
)))
Package grfext Info: Graphics extension search list:
(grfext)             [.png,.pdf,.jpg,.mps,.jpeg,.jbig2,.jb2,.PNG,.PDF,.JPG,.JPE
G,.JBIG2,.JB2,.eps]
(grfext)             \AppendGraphicsExtensions on input line 452.

(/usr/share/texlive/texmf-dist/tex/latex/latexconfig/epstopdf-sys.cfg
File: epstopdf-sys.cfg 2010/07/13 v1.3 Configuration of (r)epstopdf for TeX Liv
e
))
LaTeX Font Info:    External font `cmex10' loaded for size
(Font)              <14.4> on input line 8.
LaTeX Font Info:    External font `cmex10' loaded for size
(Font)              <7> on input line 8.

(./main.toc
LaTeX Font Info:    External font `cmex10' loaded for size
(Font)              <12> on input line 3.
LaTeX Font Info:    External font `cmex10' loaded for size
(Font)              <8> on input line 3.
LaTeX Font Info:    External font `cmex10' loaded for size
(Font)              <6> on input line 3.
 [1

{/var/lib/texmf/fonts/map/pdftex/updmap/pdftex.map}])
\tf@toc=\write3
\openout3 = `main.toc'.


<images/login_screen.png, id=9, 1445.4pt x 2569.6pt>
File: images/login_screen.png Graphic file (type png)

<use images/login_screen.png>
Package pdftex.def Info: images/login_screen.png used on input line 18.
(pdftex.def)             Requested size: 155.99762pt x 277.32446pt.
 [2]
<images/Welcome_screen.png, id=13, 1445.4pt x 2569.6pt>
File: images/Welcome_screen.png Graphic file (type png)

<use images/Welcome_screen.png>
Package pdftex.def Info: images/Welcome_screen.png used on input line 29.
(pdftex.def)             Requested size: 155.99762pt x 277.32446pt.
 [3 <./images/login_screen.png>]
<images/notifications.png, id=17, 1445.4pt x 2569.6pt>
File: images/notifications.png Graphic file (type png)

<use images/notifications.png>
Package pdftex.def Info: images/notifications.png used on input line 37.
(pdftex.def)             Requested size: 155.99762pt x 277.32446pt.
 [4 <./images/Welcome_screen.png>]
<images/allgrades.png, id=21, 1445.4pt x 2569.6pt>
File: images/allgrades.png Graphic file (type png)
 <use images/allgrades.png>
Package pdftex.def Info: images/allgrades.png used on input line 44.
(pdftex.def)             Requested size: 155.99762pt x 277.32446pt.

[5 <./images/notifications.png>]
<images/logout.png, id=25, 1445.4pt x 2569.6pt>
File: images/logout.png Graphic file (type png)
 <use images/logout.png>
Package pdftex.def Info: images/logout.png used on input line 51.
(pdftex.def)             Requested size: 155.99762pt x 277.32446pt.

[6 <./images/allgrades.png>]
<images/course_contents.png, id=29, 1445.4pt x 2569.6pt>
File: images/course_contents.png Graphic file (type png)

<use images/course_contents.png>
Package pdftex.def Info: images/course_contents.png used on input line 59.
(pdftex.def)             Requested size: 155.99762pt x 277.32446pt.
 [7 <./images/logout.png>]
<images/assignments.png, id=34, 1445.4pt x 2569.6pt>
File: images/assignments.png Graphic file (type png)

<use images/assignments.png>
Package pdftex.def Info: images/assignments.png used on input line 66.
(pdftex.def)             Requested size: 155.99762pt x 277.32446pt.
 [8 <./images/course_contents.png>]
<images/ass_info.png, id=38, 1445.4pt x 2569.6pt>
File: images/ass_info.png Graphic file (type png)
 <use images/ass_info.png>
Package pdftex.def Info: images/ass_info.png used on input line 73.
(pdftex.def)             Requested size: 155.99762pt x 277.32446pt.

[9 <./images/assignments.png>]
<images/course_grades.png, id=42, 1445.4pt x 2569.6pt>
File: images/course_grades.png Graphic file (type png)

<use images/course_grades.png>
Package pdftex.def Info: images/course_grades.png used on input line 80.
(pdftex.def)             Requested size: 155.99762pt x 277.32446pt.
 [10 <./images/ass_info.png>]
<images/threads.png, id=46, 1445.4pt x 2569.6pt>
File: images/threads.png Graphic file (type png)
 <use images/threads.png>
Package pdftex.def Info: images/threads.png used on input line 88.
(pdftex.def)             Requested size: 155.99762pt x 277.32446pt.

[11 <./images/course_grades.png>]
<images/comments.png, id=50, 1445.4pt x 2569.6pt>
File: images/comments.png Graphic file (type png)
 <use images/comments.png>
Package pdftex.def Info: images/comments.png used on input line 96.
(pdftex.def)             Requested size: 155.99762pt x 277.32446pt.

[12 <./images/threads.png>] [13 <./images/comments.png>] [14] (./main.bbl
Overfull \hbox (123.85765pt too wide) in paragraph at lines 4--7
[]\OT1/cmr/m/n/12 Httpurlconnection.  http://developer.android.com/reference/ja
va/net/HttpURLConnection.html. 
 []


Overfull \hbox (41.03351pt too wide) in paragraph at lines 9--11
[]\OT1/cmr/m/n/12 Parcelable.  http://developer.android.com/reference/android/o
s/Parcelable.html. 
 []

) [15] [16] (./main.aux) ) 
Here is how much of TeX's memory you used:
 1573 strings out of 495028
 22948 string characters out of 6181498
 76354 words of memory out of 5000000
 4771 multiletter control sequences out of 15000+600000
 9167 words of font info for 32 fonts, out of 8000000 for 9000
 14 hyphenation exceptions out of 8191
 37i,6n,23p,419b,224s stack positions out of 5000i,500n,10000p,200000b,80000s
</usr/share/texlive/texmf-dist/fonts/type1/public/ams
fonts/cm/cmbx12.pfb></usr/share/texlive/texmf-dist/fonts/type1/public/amsfonts/
cm/cmbxti10.pfb></usr/share/texlive/texmf-dist/fonts/type1/public/amsfonts/cm/c
mr12.pfb></usr/share/texlive/texmf-dist/fonts/type1/public/amsfonts/cm/cmr17.pf
b>
Output written on main.pdf (16 pages, 1093599 bytes).
PDF statistics:
 83 PDF objects out of 1000 (max. 8388607)
 49 compressed objects within 1 object stream
 0 named destinations out of 1000 (max. 500000)
 56 words of extra memory for PDF output out of 10000 (max. 10000000)

